# JRE version: OpenJDK Runtime Environment (8.0_242-b01) (build 1.8.0_242-release-1644-b01)
# Java VM: OpenJDK 64-Bit Server VM (25.242-b01 mixed mode windows-amd64 compressed oops)
Heap:
 PSYoungGen      total 250880K, used 217107K [0x00000000d5580000, 0x00000000f0780000, 0x0000000100000000)
  eden space 235008K, 85% used [0x00000000d5580000,0x00000000e1a09f18,0x00000000e3b00000)
  from space 15872K, 99% used [0x00000000e3b00000,0x00000000e4a7af18,0x00000000e4a80000)
  to   space 20480K, 0% used [0x00000000ef380000,0x00000000ef380000,0x00000000f0780000)
 ParOldGen       total 110080K, used 16705K [0x0000000080000000, 0x0000000086b80000, 0x00000000d5580000)
  object space 110080K, 15% used [0x0000000080000000,0x0000000081050778,0x0000000086b80000)
 Metaspace       used 54368K, capacity 57006K, committed 57216K, reserved 1097728K
  class space    used 7505K, capacity 7964K, committed 8064K, reserved 1048576K
GC Heap History (10 events):
Event: 3.101 GC heap before
{Heap before GC invocations=5 (full 1):
 PSYoungGen      total 140800K, used 7454K [0x00000000d5580000, 0x00000000de980000, 0x0000000100000000)
  eden space 130048K, 0% used [0x00000000d5580000,0x00000000d5580000,0x00000000dd480000)
  from space 10752K, 69% used [0x00000000ddf00000,0x00000000de6478a8,0x00000000de980000)
  to   space 10752K, 0% used [0x00000000dd480000,0x00000000dd480000,0x00000000ddf00000)
 ParOldGen       total 173568K, used 1104K [0x0000000080000000, 0x000000008a980000, 0x00000000d5580000)
  object space 173568K, 0% used [0x0000000080000000,0x00000000801143b0,0x000000008a980000)
 Metaspace       used 20521K, capacity 21204K, committed 21248K, reserved 1067008K
  class space    used 2856K, capacity 3048K, committed 3072K, reserved 1048576K
Event: 3.125 GC heap after
Heap after GC invocations=5 (full 1):
 PSYoungGen      total 140800K, used 0K [0x00000000d5580000, 0x00000000de980000, 0x0000000100000000)
  eden space 130048K, 0% used [0x00000000d5580000,0x00000000d5580000,0x00000000dd480000)
  from space 10752K, 0% used [0x00000000ddf00000,0x00000000ddf00000,0x00000000de980000)
  to   space 10752K, 0% used [0x00000000dd480000,0x00000000dd480000,0x00000000ddf00000)
 ParOldGen       total 84480K, used 7271K [0x0000000080000000, 0x0000000085280000, 0x00000000d5580000)
  object space 84480K, 8% used [0x0000000080000000,0x0000000080719ed0,0x0000000085280000)
 Metaspace       used 20521K, capacity 21204K, committed 21248K, reserved 1067008K
  class space    used 2856K, capacity 3048K, committed 3072K, reserved 1048576K
}
Event: 5.258 GC heap before
{Heap before GC invocations=6 (full 1):
 PSYoungGen      total 140800K, used 130048K [0x00000000d5580000, 0x00000000de980000, 0x0000000100000000)
  eden space 130048K, 100% used [0x00000000d5580000,0x00000000dd480000,0x00000000dd480000)
  from space 10752K, 0% used [0x00000000ddf00000,0x00000000ddf00000,0x00000000de980000)
  to   space 10752K, 0% used [0x00000000dd480000,0x00000000dd480000,0x00000000ddf00000)
 ParOldGen       total 84480K, used 7271K [0x0000000080000000, 0x0000000085280000, 0x00000000d5580000)
  object space 84480K, 8% used [0x0000000080000000,0x0000000080719ed0,0x0000000085280000)
 Metaspace       used 33640K, capacity 34768K, committed 34944K, reserved 1079296K
  class space    used 4619K, capacity 4915K, committed 4992K, reserved 1048576K
Event: 5.272 GC heap after
Heap after GC invocations=6 (full 1):
 PSYoungGen      total 140800K, used 10733K [0x00000000d5580000, 0x00000000e5a00000, 0x0000000100000000)
  eden space 130048K, 0% used [0x00000000d5580000,0x00000000d5580000,0x00000000dd480000)
  from space 10752K, 99% used [0x00000000dd480000,0x00000000ddefb448,0x00000000ddf00000)
  to   space 15872K, 0% used [0x00000000e4a80000,0x00000000e4a80000,0x00000000e5a00000)
 ParOldGen       total 84480K, used 10654K [0x0000000080000000, 0x0000000085280000, 0x00000000d5580000)
  object space 84480K, 12% used [0x0000000080000000,0x0000000080a67a80,0x0000000085280000)
 Metaspace       used 33640K, capacity 34768K, committed 34944K, reserved 1079296K
  class space    used 4619K, capacity 4915K, committed 4992K, reserved 1048576K
}
Event: 5.338 GC heap before
{Heap before GC invocations=7 (full 1):
 PSYoungGen      total 140800K, used 20152K [0x00000000d5580000, 0x00000000e5a00000, 0x0000000100000000)
  eden space 130048K, 7% used [0x00000000d5580000,0x00000000d5eb2c48,0x00000000dd480000)
  from space 10752K, 99% used [0x00000000dd480000,0x00000000ddefb448,0x00000000ddf00000)
  to   space 15872K, 0% used [0x00000000e4a80000,0x00000000e4a80000,0x00000000e5a00000)
 ParOldGen       total 84480K, used 10654K [0x0000000080000000, 0x0000000085280000, 0x00000000d5580000)
  object space 84480K, 12% used [0x0000000080000000,0x0000000080a67a80,0x0000000085280000)
 Metaspace       used 34055K, capacity 35254K, committed 35416K, reserved 1079296K
  class space    used 4688K, capacity 4998K, committed 5120K, reserved 1048576K
Event: 5.343 GC heap after
Heap after GC invocations=7 (full 1):
 PSYoungGen      total 250880K, used 6128K [0x00000000d5580000, 0x00000000e5e80000, 0x0000000100000000)
  eden space 235008K, 0% used [0x00000000d5580000,0x00000000d5580000,0x00000000e3b00000)
  from space 15872K, 38% used [0x00000000e4a80000,0x00000000e507c010,0x00000000e5a00000)
  to   space 15872K, 0% used [0x00000000e3b00000,0x00000000e3b00000,0x00000000e4a80000)
 ParOldGen       total 84480K, used 10662K [0x0000000080000000, 0x0000000085280000, 0x00000000d5580000)
  object space 84480K, 12% used [0x0000000080000000,0x0000000080a69a80,0x0000000085280000)
 Metaspace       used 34055K, capacity 35254K, committed 35416K, reserved 1079296K
  class space    used 4688K, capacity 4998K, committed 5120K, reserved 1048576K
}
Event: 5.343 GC heap before
{Heap before GC invocations=8 (full 2):
 PSYoungGen      total 250880K, used 6128K [0x00000000d5580000, 0x00000000e5e80000, 0x0000000100000000)
  eden space 235008K, 0% used [0x00000000d5580000,0x00000000d5580000,0x00000000e3b00000)
  from space 15872K, 38% used [0x00000000e4a80000,0x00000000e507c010,0x00000000e5a00000)
  to   space 15872K, 0% used [0x00000000e3b00000,0x00000000e3b00000,0x00000000e4a80000)
 ParOldGen       total 84480K, used 10662K [0x0000000080000000, 0x0000000085280000, 0x00000000d5580000)
  object space 84480K, 12% used [0x0000000080000000,0x0000000080a69a80,0x0000000085280000)
 Metaspace       used 34055K, capacity 35254K, committed 35416K, reserved 1079296K
  class space    used 4688K, capacity 4998K, committed 5120K, reserved 1048576K
Event: 5.381 GC heap after
Heap after GC invocations=8 (full 2):
 PSYoungGen      total 250880K, used 0K [0x00000000d5580000, 0x00000000e5e80000, 0x0000000100000000)
  eden space 235008K, 0% used [0x00000000d5580000,0x00000000d5580000,0x00000000e3b00000)
  from space 15872K, 0% used [0x00000000e4a80000,0x00000000e4a80000,0x00000000e5a00000)
  to   space 15872K, 0% used [0x00000000e3b00000,0x00000000e3b00000,0x00000000e4a80000)
 ParOldGen       total 110080K, used 12827K [0x0000000080000000, 0x0000000086b80000, 0x00000000d5580000)
  object space 110080K, 11% used [0x0000000080000000,0x0000000080c86d88,0x0000000086b80000)
 Metaspace       used 34055K, capacity 35254K, committed 35416K, reserved 1079296K
  class space    used 4688K, capacity 4998K, committed 5120K, reserved 1048576K
}
Event: 8.268 GC heap before
{Heap before GC invocations=9 (full 2):
 PSYoungGen      total 250880K, used 235008K [0x00000000d5580000, 0x00000000e5e80000, 0x0000000100000000)
  eden space 235008K, 100% used [0x00000000d5580000,0x00000000e3b00000,0x00000000e3b00000)
  from space 15872K, 0% used [0x00000000e4a80000,0x00000000e4a80000,0x00000000e5a00000)
  to   space 15872K, 0% used [0x00000000e3b00000,0x00000000e3b00000,0x00000000e4a80000)
 ParOldGen       total 110080K, used 12827K [0x0000000080000000, 0x0000000086b80000, 0x00000000d5580000)
  object space 110080K, 11% used [0x0000000080000000,0x0000000080c86d88,0x0000000086b80000)
 Metaspace       used 46090K, capacity 47890K, committed 48000K, reserved 1091584K
  class space    used 6357K, capacity 6742K, committed 6784K, reserved 1048576K
Event: 8.285 GC heap after
Heap after GC invocations=9 (full 2):
 PSYoungGen      total 250880K, used 15851K [0x00000000d5580000, 0x00000000f0780000, 0x0000000100000000)
  eden space 235008K, 0% used [0x00000000d5580000,0x00000000d5580000,0x00000000e3b00000)
  from space 15872K, 99% used [0x00000000e3b00000,0x00000000e4a7af18,0x00000000e4a80000)
  to   space 20480K, 0% used [0x00000000ef380000,0x00000000ef380000,0x00000000f0780000)
 ParOldGen       total 110080K, used 16705K [0x0000000080000000, 0x0000000086b80000, 0x00000000d5580000)
  object space 110080K, 15% used [0x0000000080000000,0x0000000081050778,0x0000000086b80000)
 Metaspace       used 46090K, capacity 47890K, committed 48000K, reserved 1091584K
  class space    used 6357K, capacity 6742K, committed 6784K, reserved 1048576K
}

